[35m[1mScanning dependencies of target std_msgs_generate_messages_cpp[0m
[35m[1mScanning dependencies of target std_msgs_generate_messages_py[0m
[35m[1mScanning dependencies of target _turtlebot3_msgs_generate_messages_check_deps_VersionInfo[0m
[35m[1mScanning dependencies of target _turtlebot3_msgs_generate_messages_check_deps_SensorState[0m
[35m[1mScanning dependencies of target _turtlebot3_msgs_generate_messages_check_deps_Sound[0m
[35m[1mScanning dependencies of target std_msgs_generate_messages_eus[0m
[  0%] Built target std_msgs_generate_messages_eus
[  0%] Built target std_msgs_generate_messages_py
[  0%] Built target std_msgs_generate_messages_cpp
[35m[1mScanning dependencies of target std_msgs_generate_messages_lisp[0m
[35m[1mScanning dependencies of target std_msgs_generate_messages_nodejs[0m
[  0%] Built target std_msgs_generate_messages_lisp
[  0%] Built target std_msgs_generate_messages_nodejs
[  0%] Built target _turtlebot3_msgs_generate_messages_check_deps_VersionInfo
[  0%] Built target _turtlebot3_msgs_generate_messages_check_deps_Sound
[  0%] Built target _turtlebot3_msgs_generate_messages_check_deps_SensorState
[35m[1mScanning dependencies of target turtlebot3_msgs_generate_messages_nodejs[0m
[35m[1mScanning dependencies of target turtlebot3_msgs_generate_messages_cpp[0m
[35m[1mScanning dependencies of target turtlebot3_msgs_generate_messages_lisp[0m
[35m[1mScanning dependencies of target turtlebot3_msgs_generate_messages_eus[0m
[35m[1mScanning dependencies of target turtlebot3_msgs_generate_messages_py[0m
[ 11%] [34m[1mGenerating C++ code from turtlebot3_msgs/SensorState.msg[0m
[ 11%] [34m[1mGenerating Javascript code from turtlebot3_msgs/VersionInfo.msg[0m
[ 17%] [34m[1mGenerating Javascript code from turtlebot3_msgs/SensorState.msg[0m
[ 23%] [34m[1mGenerating Lisp code from turtlebot3_msgs/SensorState.msg[0m
[ 29%] [34m[1mGenerating EusLisp code from turtlebot3_msgs/SensorState.msg[0m
[ 35%] [34m[1mGenerating Python from MSG turtlebot3_msgs/SensorState[0m
[ 41%] [34m[1mGenerating EusLisp code from turtlebot3_msgs/VersionInfo.msg[0m
[ 47%] [34m[1mGenerating Javascript code from turtlebot3_msgs/Sound.msg[0m
[ 52%] [34m[1mGenerating Lisp code from turtlebot3_msgs/VersionInfo.msg[0m
[ 58%] [34m[1mGenerating Python from MSG turtlebot3_msgs/VersionInfo[0m
[ 64%] [34m[1mGenerating Python from MSG turtlebot3_msgs/Sound[0m
[ 70%] [34m[1mGenerating Lisp code from turtlebot3_msgs/Sound.msg[0m
[ 70%] Built target turtlebot3_msgs_generate_messages_nodejs
[ 76%] [34m[1mGenerating C++ code from turtlebot3_msgs/VersionInfo.msg[0m
[ 82%] [34m[1mGenerating C++ code from turtlebot3_msgs/Sound.msg[0m
[ 88%] [34m[1mGenerating EusLisp code from turtlebot3_msgs/Sound.msg[0m
[ 94%] [34m[1mGenerating EusLisp manifest code for turtlebot3_msgs[0m
[100%] [34m[1mGenerating Python msg __init__.py for turtlebot3_msgs[0m
[100%] Built target turtlebot3_msgs_generate_messages_lisp
[100%] Built target turtlebot3_msgs_generate_messages_py
[100%] Built target turtlebot3_msgs_generate_messages_cpp
[100%] Built target turtlebot3_msgs_generate_messages_eus
[35m[1mScanning dependencies of target turtlebot3_msgs_generate_messages[0m
[100%] Built target turtlebot3_msgs_generate_messages
