[  0%] Built target _turtlebot3_example_generate_messages_check_deps_Turtlebot3ActionGoal
[  0%] Built target _turtlebot3_example_generate_messages_check_deps_Turtlebot3Goal
[  0%] Built target _turtlebot3_example_generate_messages_check_deps_Turtlebot3ActionResult
[  0%] Built target _turtlebot3_example_generate_messages_check_deps_Turtlebot3Result
[  0%] Built target geometry_msgs_generate_messages_eus
[  0%] Built target _turtlebot3_example_generate_messages_check_deps_Turtlebot3ActionFeedback
[  0%] Built target actionlib_msgs_generate_messages_eus
[  0%] Built target std_msgs_generate_messages_eus
[  0%] Built target _turtlebot3_example_generate_messages_check_deps_Turtlebot3Action
[  0%] Built target actionlib_msgs_generate_messages_py
[  0%] Built target geometry_msgs_generate_messages_py
[  0%] Built target std_msgs_generate_messages_py
[  0%] Built target std_msgs_generate_messages_nodejs
[  0%] Built target actionlib_msgs_generate_messages_nodejs
[  0%] Built target _turtlebot3_example_generate_messages_check_deps_Turtlebot3Feedback
[  0%] Built target geometry_msgs_generate_messages_nodejs
[  0%] Built target actionlib_msgs_generate_messages_cpp
[  0%] Built target geometry_msgs_generate_messages_cpp
[  0%] Built target std_msgs_generate_messages_cpp
[  0%] Built target actionlib_msgs_generate_messages_lisp
[  0%] Built target geometry_msgs_generate_messages_lisp
[ 21%] Built target turtlebot3_example_generate_messages_eus
[ 21%] Built target std_msgs_generate_messages_lisp
[ 43%] Built target turtlebot3_example_generate_messages_py
[ 62%] Built target turtlebot3_example_generate_messages_nodejs
[ 81%] Built target turtlebot3_example_generate_messages_cpp
[100%] Built target turtlebot3_example_generate_messages_lisp
[100%] Built target turtlebot3_example_generate_messages
