[35m[1mScanning dependencies of target _turtlebot3_example_generate_messages_check_deps_Turtlebot3ActionGoal[0m
[35m[1mScanning dependencies of target _turtlebot3_example_generate_messages_check_deps_Turtlebot3Goal[0m
[35m[1mScanning dependencies of target _turtlebot3_example_generate_messages_check_deps_Turtlebot3ActionFeedback[0m
[35m[1mScanning dependencies of target _turtlebot3_example_generate_messages_check_deps_Turtlebot3Action[0m
[35m[1mScanning dependencies of target _turtlebot3_example_generate_messages_check_deps_Turtlebot3ActionResult[0m
[35m[1mScanning dependencies of target geometry_msgs_generate_messages_eus[0m
[35m[1mScanning dependencies of target _turtlebot3_example_generate_messages_check_deps_Turtlebot3Result[0m
[  0%] Built target _turtlebot3_example_generate_messages_check_deps_Turtlebot3ActionGoal
[  0%] Built target geometry_msgs_generate_messages_eus
[  0%] Built target _turtlebot3_example_generate_messages_check_deps_Turtlebot3ActionResult
[  0%] Built target _turtlebot3_example_generate_messages_check_deps_Turtlebot3Goal
[35m[1mScanning dependencies of target actionlib_msgs_generate_messages_eus[0m
[  0%] Built target _turtlebot3_example_generate_messages_check_deps_Turtlebot3ActionFeedback
[35m[1mScanning dependencies of target std_msgs_generate_messages_eus[0m
[35m[1mScanning dependencies of target _turtlebot3_example_generate_messages_check_deps_Turtlebot3Feedback[0m
[  0%] Built target actionlib_msgs_generate_messages_eus
[  0%] Built target std_msgs_generate_messages_eus
[  0%] Built target _turtlebot3_example_generate_messages_check_deps_Turtlebot3Action
[35m[1mScanning dependencies of target std_msgs_generate_messages_py[0m
[35m[1mScanning dependencies of target actionlib_msgs_generate_messages_py[0m
[35m[1mScanning dependencies of target geometry_msgs_generate_messages_py[0m
[35m[1mScanning dependencies of target std_msgs_generate_messages_nodejs[0m
[  0%] Built target _turtlebot3_example_generate_messages_check_deps_Turtlebot3Result
[35m[1mScanning dependencies of target actionlib_msgs_generate_messages_nodejs[0m
[  0%] Built target std_msgs_generate_messages_py
[  0%] Built target actionlib_msgs_generate_messages_py
[  0%] Built target actionlib_msgs_generate_messages_nodejs
[  0%] Built target std_msgs_generate_messages_nodejs
[35m[1mScanning dependencies of target geometry_msgs_generate_messages_nodejs[0m
[  0%] Built target _turtlebot3_example_generate_messages_check_deps_Turtlebot3Feedback
[  0%] Built target geometry_msgs_generate_messages_py
[35m[1mScanning dependencies of target actionlib_msgs_generate_messages_cpp[0m
[35m[1mScanning dependencies of target std_msgs_generate_messages_cpp[0m
[35m[1mScanning dependencies of target actionlib_msgs_generate_messages_lisp[0m
[35m[1mScanning dependencies of target geometry_msgs_generate_messages_cpp[0m
[  0%] Built target geometry_msgs_generate_messages_nodejs
[  0%] Built target actionlib_msgs_generate_messages_cpp
[  0%] Built target actionlib_msgs_generate_messages_lisp
[  0%] Built target std_msgs_generate_messages_cpp
[35m[1mScanning dependencies of target geometry_msgs_generate_messages_lisp[0m
[  0%] Built target geometry_msgs_generate_messages_cpp
[35m[1mScanning dependencies of target std_msgs_generate_messages_lisp[0m
[35m[1mScanning dependencies of target turtlebot3_example_generate_messages_py[0m
[35m[1mScanning dependencies of target turtlebot3_example_generate_messages_eus[0m
[35m[1mScanning dependencies of target turtlebot3_example_generate_messages_cpp[0m
[  0%] Built target geometry_msgs_generate_messages_lisp
[  2%] [34m[1mGenerating Python from MSG turtlebot3_example/Turtlebot3Action[0m
[  5%] [34m[1mGenerating EusLisp code from turtlebot3_example/Turtlebot3Action.msg[0m
[  8%] [34m[1mGenerating Python from MSG turtlebot3_example/Turtlebot3ActionGoal[0m
[ 10%] [34m[1mGenerating Python from MSG turtlebot3_example/Turtlebot3ActionResult[0m
[ 13%] [34m[1mGenerating C++ code from turtlebot3_example/Turtlebot3Action.msg[0m
[35m[1mScanning dependencies of target turtlebot3_example_generate_messages_nodejs[0m
[ 13%] Built target std_msgs_generate_messages_lisp
[ 16%] [34m[1mGenerating EusLisp code from turtlebot3_example/Turtlebot3ActionGoal.msg[0m
[ 18%] [34m[1mGenerating Javascript code from turtlebot3_example/Turtlebot3Action.msg[0m
[ 21%] [34m[1mGenerating EusLisp code from turtlebot3_example/Turtlebot3ActionResult.msg[0m
[ 24%] [34m[1mGenerating EusLisp code from turtlebot3_example/Turtlebot3ActionFeedback.msg[0m
[ 27%] [34m[1mGenerating Python from MSG turtlebot3_example/Turtlebot3ActionFeedback[0m
[ 29%] [34m[1mGenerating EusLisp code from turtlebot3_example/Turtlebot3Goal.msg[0m
[ 32%] [34m[1mGenerating Python from MSG turtlebot3_example/Turtlebot3Goal[0m
[ 35%] [34m[1mGenerating C++ code from turtlebot3_example/Turtlebot3ActionGoal.msg[0m
[ 37%] [34m[1mGenerating Javascript code from turtlebot3_example/Turtlebot3ActionGoal.msg[0m
[ 40%] [34m[1mGenerating EusLisp code from turtlebot3_example/Turtlebot3Result.msg[0m
[ 43%] [34m[1mGenerating Python from MSG turtlebot3_example/Turtlebot3Result[0m
[ 45%] [34m[1mGenerating Python from MSG turtlebot3_example/Turtlebot3Feedback[0m
[ 48%] [34m[1mGenerating Javascript code from turtlebot3_example/Turtlebot3ActionFeedback.msg[0m
[ 51%] [34m[1mGenerating Javascript code from turtlebot3_example/Turtlebot3ActionResult.msg[0m
[ 54%] [34m[1mGenerating EusLisp code from turtlebot3_example/Turtlebot3Feedback.msg[0m
[ 56%] [34m[1mGenerating Javascript code from turtlebot3_example/Turtlebot3Goal.msg[0m
[ 59%] [34m[1mGenerating C++ code from turtlebot3_example/Turtlebot3ActionResult.msg[0m
[ 62%] [34m[1mGenerating Python msg __init__.py for turtlebot3_example[0m
[ 64%] [34m[1mGenerating C++ code from turtlebot3_example/Turtlebot3ActionFeedback.msg[0m
[ 67%] [34m[1mGenerating EusLisp manifest code for turtlebot3_example[0m
[ 70%] [34m[1mGenerating C++ code from turtlebot3_example/Turtlebot3Goal.msg[0m
[ 72%] [34m[1mGenerating C++ code from turtlebot3_example/Turtlebot3Result.msg[0m
[ 75%] [34m[1mGenerating Javascript code from turtlebot3_example/Turtlebot3Result.msg[0m
[ 78%] [34m[1mGenerating Javascript code from turtlebot3_example/Turtlebot3Feedback.msg[0m
[ 78%] Built target turtlebot3_example_generate_messages_py
[35m[1mScanning dependencies of target turtlebot3_example_generate_messages_lisp[0m
[ 81%] [34m[1mGenerating C++ code from turtlebot3_example/Turtlebot3Feedback.msg[0m
[ 83%] [34m[1mGenerating Lisp code from turtlebot3_example/Turtlebot3Action.msg[0m
[ 86%] [34m[1mGenerating Lisp code from turtlebot3_example/Turtlebot3ActionGoal.msg[0m
[ 86%] Built target turtlebot3_example_generate_messages_nodejs
[ 89%] [34m[1mGenerating Lisp code from turtlebot3_example/Turtlebot3ActionResult.msg[0m
[ 91%] [34m[1mGenerating Lisp code from turtlebot3_example/Turtlebot3ActionFeedback.msg[0m
[ 94%] [34m[1mGenerating Lisp code from turtlebot3_example/Turtlebot3Goal.msg[0m
[ 97%] [34m[1mGenerating Lisp code from turtlebot3_example/Turtlebot3Feedback.msg[0m
[100%] [34m[1mGenerating Lisp code from turtlebot3_example/Turtlebot3Result.msg[0m
[100%] Built target turtlebot3_example_generate_messages_cpp
[100%] Built target turtlebot3_example_generate_messages_lisp
[100%] Built target turtlebot3_example_generate_messages_eus
[35m[1mScanning dependencies of target turtlebot3_example_generate_messages[0m
[100%] Built target turtlebot3_example_generate_messages
